<?xml version="1.0" encoding="UTF-8"?>
<!-- Generated by org.testng.reporters.JUnitReportReporter -->
<testsuite skipped="0" hostname="EQ-EQ6283668" name="DriverInt.BaseClass" tests="1" failures="0" timestamp="29 Jul 2019 11:54:42 GMT" time="0.012" errors="0">
  <testcase name="tc1" time="0.012" classname="DriverInt.BaseClass"/>
</testsuite> <!-- DriverInt.BaseClass -->
