<?xml version="1.0" encoding="UTF-8"?>
<!-- Generated by org.testng.reporters.JUnitReportReporter -->
<testsuite skipped="0" hostname="EQ-EQ6283668" name="Testcases.ClassTC2" tests="4" failures="0" timestamp="29 Jul 2019 12:25:15 GMT" time="0.170" errors="0">
  <testcase name="tc4" time="0.002" classname="Testcases.ClassTC2"/>
  <testcase name="tc3" time="0.067" classname="Testcases.ClassTC2"/>
  <testcase name="tc2" time="0.002" classname="Testcases.ClassTC2"/>
  <testcase name="tc1" time="0.099" classname="Testcases.ClassTC2"/>
</testsuite> <!-- Testcases.ClassTC2 -->
