<?xml version="1.0" encoding="UTF-8"?>
<!-- Generated by org.testng.reporters.JUnitReportReporter -->
<testsuite skipped="0" hostname="EQ-EQ6283668" name="org.orange.Testcases.Test2" tests="1" failures="0" timestamp="28 Apr 2019 12:23:19 GMT" time="0.044" errors="0">
  <testcase name="tc44" time="0.044" classname="org.orange.Testcases.Test2"/>
</testsuite> <!-- org.orange.Testcases.Test2 -->
