<?xml version="1.0" encoding="UTF-8"?>
<!-- Generated by org.testng.reporters.JUnitReportReporter -->
<testsuite skipped="0" hostname="EQ-EQ6283668" name="org.orange.Pages.LoginPage" tests="1" failures="0" timestamp="27 Apr 2019 16:11:20 GMT" time="0.032" errors="0">
  <testcase name="ma" time="0.032" classname="org.orange.Pages.LoginPage"/>
</testsuite> <!-- org.orange.Pages.LoginPage -->
