<?xml version="1.0" encoding="UTF-8"?>
<!-- Generated by org.testng.reporters.JUnitReportReporter -->
<testsuite skipped="0" hostname="EQ-EQ6283668" name="TestNGConcept.BeforeAfterAnnotations" tests="1" failures="0" timestamp="01 May 2019 07:49:59 GMT" time="0.006" errors="0">
  <testcase name="Testc2" time="0.006" classname="TestNGConcept.BeforeAfterAnnotations"/>
</testsuite> <!-- TestNGConcept.BeforeAfterAnnotations -->
