<?xml version="1.0" encoding="UTF-8"?>
<!-- Generated by org.testng.reporters.JUnitReportReporter -->
<testsuite skipped="0" hostname="EQ-EQ6283668" name="TestNGConcept.TestAnnotations" tests="1" failures="0" timestamp="01 May 2019 07:58:39 GMT" time="0.014" errors="0">
  <testcase name="TestMethod" time="0.014" classname="TestNGConcept.TestAnnotations"/>
</testsuite> <!-- TestNGConcept.TestAnnotations -->
