<?xml version="1.0" encoding="UTF-8"?>
<!-- Generated by org.testng.reporters.JUnitReportReporter -->
<testsuite skipped="0" hostname="EQ-EQ6283668" name="Singleton_Driver.BeforeAfterMethod" tests="1" failures="0" timestamp="27 Apr 2019 08:59:40 GMT" time="0.090" errors="0">
  <testcase name="Testm" time="0.090" classname="Singleton_Driver.BeforeAfterMethod"/>
</testsuite> <!-- Singleton_Driver.BeforeAfterMethod -->
