<?xml version="1.0" encoding="UTF-8"?>
<!-- Generated by org.testng.reporters.JUnitReportReporter -->
<testsuite skipped="0" hostname="EQ-EQ6283668" name="org.ExcelReading.test2" tests="1" failures="0" timestamp="03 Jul 2019 03:35:53 GMT" time="0.586" errors="0">
  <testcase name="testcasetest" time="0.586" classname="org.ExcelReading.test2"/>
</testsuite> <!-- org.ExcelReading.test2 -->
