<?xml version="1.0" encoding="UTF-8"?>
<!-- Generated by org.testng.reporters.JUnitReportReporter -->
<testsuite skipped="0" hostname="EQ-EQ6283668" name="org.ExcelReading.ReadAllValue" tests="3" failures="0" timestamp="06 Jun 2019 10:17:43 GMT" time="0.017" errors="0">
  <testcase name="TC1" time="0.002" classname="org.ExcelReading.ReadAllValue"/>
  <testcase name="TC1" time="0.013" classname="org.ExcelReading.ReadAllValue"/>
  <testcase name="TC1" time="0.002" classname="org.ExcelReading.ReadAllValue"/>
</testsuite> <!-- org.ExcelReading.ReadAllValue -->
