<?xml version="1.0" encoding="UTF-8"?>
<!-- Generated by org.testng.reporters.JUnitReportReporter -->
<testsuite skipped="0" hostname="EQ-EQ6283668" name="TestCases.Cashin_testcases" tests="1" failures="0" timestamp="19 May 2019 17:01:38 GMT" time="3.077" errors="0">
  <testcase name="Tc1_Com_Flow" time="3.077" classname="TestCases.Cashin_testcases"/>
</testsuite> <!-- TestCases.Cashin_testcases -->
