<?xml version="1.0" encoding="UTF-8"?>
<!-- Generated by org.testng.reporters.JUnitReportReporter -->
<testsuite skipped="0" hostname="EQ-EQ6283668" name="TstNgV1.TestNGPra" tests="2" failures="0" timestamp="06 Apr 2019 16:22:58 GMT" time="0.026" errors="0">
  <testcase name="Tc11" time="0.020" classname="TstNgV1.TestNGPra"/>
  <testcase name="Tc11" time="0.006" classname="TstNgV1.TestNGPra"/>
</testsuite> <!-- TstNgV1.TestNGPra -->
