<?xml version="1.0" encoding="UTF-8"?>
<!-- Generated by org.testng.reporters.JUnitReportReporter -->
<testsuite skipped="0" hostname="EQ-EQ6283668" name="TstNg.TestTrial" tests="1" failures="0" timestamp="14 Oct 2018 12:37:24 GMT" time="0.021" errors="0">
  <testcase name="tcase1" time="0.021" classname="TstNg.TestTrial"/>
</testsuite> <!-- TstNg.TestTrial -->
