<?xml version="1.0" encoding="UTF-8"?>
<!-- Generated by org.testng.reporters.JUnitReportReporter -->
<testsuite skipped="0" hostname="EQ-EQ6283668" name="Testcases.Testcases" tests="1" failures="0" timestamp="13 Jun 2019 13:36:03 GMT" time="0.027" errors="0">
  <testcase name="tc1" time="0.027" classname="Testcases.Testcases"/>
</testsuite> <!-- Testcases.Testcases -->
