<?xml version="1.0" encoding="UTF-8"?>
<!-- Generated by org.testng.reporters.JUnitReportReporter -->
<testsuite skipped="0" hostname="EQ-EQ6283668" name="Testcases.TC2" tests="1" failures="0" timestamp="28 Jun 2019 14:18:45 GMT" time="0.001" errors="0">
  <testcase name="Tc4" time="0.001" classname="Testcases.TC2"/>
</testsuite> <!-- Testcases.TC2 -->
