<?xml version="1.0" encoding="UTF-8"?>
<!-- Generated by org.testng.reporters.JUnitReportReporter -->
<testsuite skipped="0" hostname="EQ-EQ6283668" name="Testcases.TC" tests="3" failures="0" timestamp="28 Jun 2019 14:18:45 GMT" time="0.004" errors="0">
  <testcase name="tc3" time="0.001" classname="Testcases.TC"/>
  <testcase name="tc1" time="0.002" classname="Testcases.TC"/>
  <testcase name="tc2" time="0.001" classname="Testcases.TC"/>
</testsuite> <!-- Testcases.TC -->
