<?xml version="1.0" encoding="UTF-8"?>
<!-- Generated by org.testng.reporters.JUnitReportReporter -->
<testsuite skipped="0" hostname="EQ-EQ6283668" name="org.JIRA.CreateIssue" tests="1" failures="0" timestamp="18 May 2019 17:53:26 GMT" time="3.157" errors="0">
  <testcase name="readHederAndPost" time="3.157" classname="org.JIRA.CreateIssue"/>
</testsuite> <!-- org.JIRA.CreateIssue -->
