<?xml version="1.0" encoding="UTF-8"?>
<!-- Generated by org.testng.reporters.JUnitReportReporter -->
<testsuite skipped="0" hostname="EQ-EQ6283668" name="Org_Rest.BasicTest" tests="1" failures="0" timestamp="18 Jul 2019 17:55:32 GMT" time="3.430" errors="0">
  <testcase name="GetWeatherDetails" time="3.430" classname="Org_Rest.BasicTest"/>
</testsuite> <!-- Org_Rest.BasicTest -->
