<?xml version="1.0" encoding="UTF-8"?>
<!-- Generated by org.testng.reporters.JUnitReportReporter -->
<testsuite skipped="0" hostname="EQ-EQ6283668" name="Org_Rest.DataFromTestcaseRetieve_Parameterized" tests="1" failures="0" timestamp="13 May 2019 17:09:45 GMT" time="2.379" errors="0">
  <testcase name="PostAddLibarary" time="2.379" classname="Org_Rest.DataFromTestcaseRetieve_Parameterized"/>
</testsuite> <!-- Org_Rest.DataFromTestcaseRetieve_Parameterized -->
