<?xml version="1.0" encoding="UTF-8"?>
<!-- Generated by org.testng.reporters.JUnitReportReporter -->
<testsuite skipped="0" hostname="EQ-EQ6283668" name="Org_Rest.ExcelRetieve" tests="1" failures="0" timestamp="13 May 2019 16:47:55 GMT" time="2.153" errors="0">
  <testcase name="PostAddLibarary" time="2.153" classname="Org_Rest.ExcelRetieve"/>
</testsuite> <!-- Org_Rest.ExcelRetieve -->
