<?xml version="1.0" encoding="UTF-8"?>
<!-- Generated by org.testng.reporters.JUnitReportReporter -->
<testsuite skipped="0" hostname="EQ-EQ6283668" name="Org_Rest.DataProviderTest" tests="6" failures="0" timestamp="14 May 2019 15:28:53 GMT" time="2.981" errors="0">
  <testcase name="deleteData" time="0.191" classname="Org_Rest.DataProviderTest"/>
  <testcase name="AddLibraryDataParameter" time="0.130" classname="Org_Rest.DataProviderTest"/>
  <testcase name="deleteData" time="0.304" classname="Org_Rest.DataProviderTest"/>
  <testcase name="AddLibraryDataParameter" time="1.995" classname="Org_Rest.DataProviderTest"/>
  <testcase name="deleteData" time="0.200" classname="Org_Rest.DataProviderTest"/>
  <testcase name="AddLibraryDataParameter" time="0.161" classname="Org_Rest.DataProviderTest"/>
</testsuite> <!-- Org_Rest.DataProviderTest -->
