<?xml version="1.0" encoding="UTF-8"?>
<!-- Generated by org.testng.reporters.JUnitReportReporter -->
<testsuite skipped="0" hostname="EQ-EQ6283668" name="org.Twitter.Basics_Test" tests="1" failures="0" timestamp="19 May 2019 12:44:26 GMT" time="3.784" errors="0">
  <testcase name="AuthPost" time="3.784" classname="org.Twitter.Basics_Test"/>
</testsuite> <!-- org.Twitter.Basics_Test -->
