<?xml version="1.0" encoding="UTF-8"?>
<!-- Generated by org.testng.reporters.JUnitReportReporter -->
<testsuite skipped="0" hostname="EQ-EQ6283668" name="Org_Rest.TestPostXML" tests="1" failures="0" timestamp="12 May 2019 14:39:20 GMT" time="2.854" errors="0">
  <testcase name="Test02XMLFromFile" time="2.854" classname="Org_Rest.TestPostXML"/>
</testsuite> <!-- Org_Rest.TestPostXML -->
