<?xml version="1.0" encoding="UTF-8"?>
<!-- Generated by org.testng.reporters.JUnitReportReporter -->
<testsuite skipped="0" hostname="EQ-EQ6283668" name="Org_Rest.TestCode_GetRequest" tests="1" failures="0" timestamp="12 May 2019 17:31:07 GMT" time="3.557" errors="0">
  <testcase name="Tc01_GetRequest" time="3.557" classname="Org_Rest.TestCode_GetRequest"/>
</testsuite> <!-- Org_Rest.TestCode_GetRequest -->
