<?xml version="1.0" encoding="UTF-8"?>
<!-- Generated by org.testng.reporters.JUnitReportReporter -->
<testsuite skipped="1" hostname="EQ-EQ6283668" name="testNGSele.Test1" tests="3" failures="0" timestamp="26 Nov 2018 13:49:34 GMT" time="0.040" errors="0">
  <testcase name="tc3" time="0.003" classname="testNGSele.Test1"/>
  <testcase name="tc1" time="0.037" classname="testNGSele.Test1"/>
  <testcase name="tc2" classname="testNGSele.Test1">
    <skipped/>
  </testcase> <!-- tc2 -->
</testsuite> <!-- testNGSele.Test1 -->
