<?xml version="1.0" encoding="UTF-8"?>
<!-- Generated by org.testng.reporters.JUnitReportReporter -->
<testsuite skipped="0" hostname="EQ-EQ6283668" name="testNGSele.test2" tests="1" failures="0" timestamp="24 Nov 2018 11:33:35 GMT" time="0.002" errors="0">
  <testcase name="tc1" time="0.002" classname="testNGSele.test2"/>
</testsuite> <!-- testNGSele.test2 -->
