<?xml version="1.0" encoding="UTF-8"?>
<!-- Generated by org.testng.reporters.JUnitReportReporter -->
<testsuite skipped="0" hostname="EQ-EQ6283668" name="TestCases.TestId1" tests="1" failures="0" timestamp="30 Jul 2019 10:17:32 GMT" time="2.826" errors="0">
  <testcase name="tcase1" time="2.826" classname="TestCases.TestId1"/>
</testsuite> <!-- TestCases.TestId1 -->
