<?xml version="1.0" encoding="UTF-8"?>
<!-- Generated by org.testng.reporters.JUnitReportReporter -->
<testsuite skipped="1" hostname="EQ-EQ6283668" name="TestCases.Test2" tests="1" failures="0" timestamp="28 Jun 2019 04:47:39 GMT" time="0.000" errors="0">
  <testcase name="tc2" time="0.000" classname="TestCases.Test2">
    <skipped/>
  </testcase> <!-- tc2 -->
</testsuite> <!-- TestCases.Test2 -->
