<?xml version="1.0" encoding="UTF-8"?>
<!-- Generated by org.testng.reporters.JUnitReportReporter -->
<testsuite skipped="0" hostname="EQ-EQ6283668" name="TestCases.Test2" tests="1" failures="0" timestamp="30 Jul 2019 10:17:32 GMT" time="0.101" errors="0">
  <testcase name="tc2" time="0.101" classname="TestCases.Test2"/>
</testsuite> <!-- TestCases.Test2 -->
