<?xml version="1.0" encoding="UTF-8"?>
<!-- Generated by org.testng.reporters.JUnitReportReporter -->
<testsuite skipped="0" hostname="EQ-EQ6283668" name="CreateDriver.DriverInstate" tests="1" failures="0" timestamp="26 Nov 2018 14:05:46 GMT" time="0.007" errors="0">
  <testcase name="tc1" time="0.007" classname="CreateDriver.DriverInstate"/>
</testsuite> <!-- CreateDriver.DriverInstate -->
