<?xml version="1.0" encoding="UTF-8"?>
<!-- Generated by org.testng.reporters.JUnitReportReporter -->
<testsuite hostname="EQ-EQ6283668" name="extentreport.Testcases" tests="1" failures="0" timestamp="27 Jun 2019 07:26:24 GMT" time="0.012" errors="0">
  <testcase name="TC3_Pass" time="0.012" classname="extentreport.Testcases"/>
</testsuite> <!-- extentreport.Testcases -->
