<?xml version="1.0" encoding="UTF-8"?>
<!-- Generated by org.testng.reporters.JUnitReportReporter -->
<testsuite skipped="0" hostname="EQ-EQ6283668" name="org.tinder.testcases.TinderSwipeTestcases" tests="1" failures="0" timestamp="27 Jul 2019 17:11:13 GMT" time="0.138" errors="0">
  <testcase name="tc2" time="0.138" classname="org.tinder.testcases.TinderSwipeTestcases"/>
</testsuite> <!-- org.tinder.testcases.TinderSwipeTestcases -->
