<?xml version="1.0" encoding="UTF-8"?>
<!-- Generated by org.testng.reporters.JUnitReportReporter -->
<testsuite skipped="0" hostname="EQ-EQ6283668" name="org.tinder.driverinstiation.DriverInstaite" tests="1" failures="0" timestamp="27 Jul 2019 16:00:50 GMT" time="19.410" errors="0">
  <testcase name="openBrowser" time="19.410" classname="org.tinder.driverinstiation.DriverInstaite"/>
</testsuite> <!-- org.tinder.driverinstiation.DriverInstaite -->
