<?xml version="1.0" encoding="UTF-8"?>
<!-- Generated by org.testng.reporters.JUnitReportReporter -->
<testsuite skipped="0" hostname="EQ-EQ6283668" name="org.tinder.testcases.Testcas" tests="1" failures="0" timestamp="27 Jul 2019 18:38:03 GMT" time="21.463" errors="0">
  <testcase name="tc1" time="21.463" classname="org.tinder.testcases.Testcas"/>
</testsuite> <!-- org.tinder.testcases.Testcas -->
